::1 - - [09/Aug/2025:19:23:26 +0000] "GET /api/books HTTP/1.1" 200 2 "-" "PostmanRuntime/7.45.0"
::1 - - [09/Aug/2025:19:23:56 +0000] "POST /api/books/ HTTP/1.1" 201 111 "-" "PostmanRuntime/7.45.0"
::1 - - [09/Aug/2025:19:25:47 +0000] "POST /api/books/ HTTP/1.1" 201 103 "-" "PostmanRuntime/7.45.0"
::1 - - [09/Aug/2025:19:25:52 +0000] "GET /api/books HTTP/1.1" 200 217 "-" "PostmanRuntime/7.45.0"
::1 - - [09/Aug/2025:20:10:26 +0000] "DELETE /api/books HTTP/1.1" 404 14 "-" "PostmanRuntime/7.45.0"
::1 - - [09/Aug/2025:20:11:49 +0000] "GET /api/books HTTP/1.1" 200 217 "-" "PostmanRuntime/7.45.0"
::1 - - [09/Aug/2025:20:11:52 +0000] "POST /api/books/ HTTP/1.1" 400 715 "-" "PostmanRuntime/7.45.0"
::1 - - [09/Aug/2025:20:12:03 +0000] "GET /api/books HTTP/1.1" 200 217 "-" "PostmanRuntime/7.45.0"
::1 - - [09/Aug/2025:20:14:15 +0000] "GET /api/books HTTP/1.1" 200 217 "-" "PostmanRuntime/7.45.0"
::1 - - [09/Aug/2025:20:15:03 +0000] "POST /api/books/ HTTP/1.1" 400 715 "-" "PostmanRuntime/7.45.0"
::1 - - [09/Aug/2025:20:16:21 +0000] "POST /api/books/ HTTP/1.1" 201 116 "-" "PostmanRuntime/7.45.0"
::1 - - [09/Aug/2025:20:16:30 +0000] "GET /api/books HTTP/1.1" 200 334 "-" "PostmanRuntime/7.45.0"
::1 - - [09/Aug/2025:20:16:39 +0000] "DELETE /api/books HTTP/1.1" 404 14 "-" "PostmanRuntime/7.45.0"
::1 - - [09/Aug/2025:20:17:02 +0000] "DELETE /api/books HTTP/1.1" 404 14 "-" "PostmanRuntime/7.45.0"
::1 - - [09/Aug/2025:20:37:13 +0000] "GET /api/books HTTP/1.1" 200 334 "-" "PostmanRuntime/7.45.0"
::1 - - [09/Aug/2025:20:37:17 +0000] "DELETE /api/books HTTP/1.1" 400 14 "-" "PostmanRuntime/7.45.0"
::1 - - [09/Aug/2025:20:37:59 +0000] "DELETE /api/books HTTP/1.1" 400 14 "-" "PostmanRuntime/7.45.0"
::1 - - [09/Aug/2025:20:41:26 +0000] "DELETE /api/books HTTP/1.1" 404 14 "-" "PostmanRuntime/7.45.0"
::1 - - [09/Aug/2025:20:41:46 +0000] "GET /api/books HTTP/1.1" 200 334 "-" "PostmanRuntime/7.45.0"
::1 - - [09/Aug/2025:20:47:25 +0000] "DELETE /api/books/6897a0ba07bac5d6aba2921b HTTP/1.1" 404 14 "-" "PostmanRuntime/7.45.0"
::1 - - [09/Aug/2025:20:49:01 +0000] "DELETE /api/books HTTP/1.1" 200 116 "-" "PostmanRuntime/7.45.0"
::1 - - [09/Aug/2025:20:51:15 +0000] "DELETE /api/books HTTP/1.1" 404 14 "-" "PostmanRuntime/7.45.0"
::1 - - [09/Aug/2025:20:51:20 +0000] "GET /api/books HTTP/1.1" 200 217 "-" "PostmanRuntime/7.45.0"
::1 - - [09/Aug/2025:20:51:54 +0000] "DELETE /api/books HTTP/1.1" 404 14 "-" "PostmanRuntime/7.45.0"
::1 - - [10/Aug/2025:15:38:57 +0000] "GET /api/books/genre?genre=classic HTTP/1.1" 404 30 "-" "PostmanRuntime/7.45.0"
::1 - - [10/Aug/2025:15:39:06 +0000] "GET /api/books HTTP/1.1" 200 2 "-" "PostmanRuntime/7.45.0"
::1 - - [10/Aug/2025:15:39:14 +0000] "POST /api/books HTTP/1.1" 201 116 "-" "PostmanRuntime/7.45.0"
::1 - - [10/Aug/2025:15:39:30 +0000] "GET /api/books/genre?genre=%D0%B5%D0%BA%D1%88%D0%B4%D0%B4%D1%83%D0%BA HTTP/1.1" 404 30 "-" "PostmanRuntime/7.45.0"
::1 - - [10/Aug/2025:15:39:39 +0000] "GET /api/books/genre?genre= HTTP/1.1" 400 13 "-" "PostmanRuntime/7.45.0"
::1 - - [10/Aug/2025:15:39:44 +0000] "GET /api/books/genre?genre=classic HTTP/1.1" 200 118 "-" "PostmanRuntime/7.45.0"
::1 - - [10/Aug/2025:16:09:24 +0000] "PATCH /api/books/pickup/abfe9828-62ec-4ec0-a732-c9d6d577a71e HTTP/1.1" 404 14 "-" "PostmanRuntime/7.45.0"
::1 - - [10/Aug/2025:16:09:33 +0000] "GET /api/books HTTP/1.1" 200 152 "-" "PostmanRuntime/7.45.0"
::1 - - [10/Aug/2025:16:09:49 +0000] "PATCH /api/books/pickup/c63c6dfd-a9a2-4b26-b157-b91a27283b21 HTTP/1.1" 404 14 "-" "PostmanRuntime/7.45.0"
::1 - - [10/Aug/2025:16:11:51 +0000] "PATCH /api/books/pickup/c63c6dfd-a9a2-4b26-b157-b91a27283b21 HTTP/1.1" 404 14 "-" "PostmanRuntime/7.45.0"
::1 - - [10/Aug/2025:16:13:57 +0000] "GET /api/books HTTP/1.1" 200 152 "-" "PostmanRuntime/7.45.0"
::1 - - [10/Aug/2025:16:14:03 +0000] "PATCH /api/books/pickup/c63c6dfd-a9a2-4b26-b157-b91a27283b21 HTTP/1.1" 404 14 "-" "PostmanRuntime/7.45.0"
::1 - - [10/Aug/2025:16:26:13 +0000] "PATCH /api/books/pickup/c63c6dfd-a9a2-4b26-b157-b91a27283b21 HTTP/1.1" 404 14 "-" "PostmanRuntime/7.45.0"
::1 - - [10/Aug/2025:16:26:17 +0000] "GET /api/books HTTP/1.1" 200 152 "-" "PostmanRuntime/7.45.0"
::1 - - [10/Aug/2025:16:26:27 +0000] "PUT /api/books/pickup/c63c6dfd-a9a2-4b26-b157-b91a27283b21 HTTP/1.1" 404 14 "-" "PostmanRuntime/7.45.0"
::1 - - [10/Aug/2025:16:26:37 +0000] "PUT /api/books/pickup/c63c6dfd-a9a2-4b26-b157-b91a27283b21 HTTP/1.1" 404 14 "-" "PostmanRuntime/7.45.0"
::1 - - [10/Aug/2025:16:28:11 +0000] "PATCH /api/books/pickup/c63c6dfd-a9a2-4b26-b157-b91a27283b21 HTTP/1.1" 400 35 "-" "PostmanRuntime/7.45.0"
::1 - - [10/Aug/2025:16:29:00 +0000] "GET /api/books HTTP/1.1" 200 152 "-" "PostmanRuntime/7.45.0"
::1 - - [10/Aug/2025:16:30:20 +0000] "PATCH /api/books/pickup/c63c6dfd-a9a2-4b26-b157-b91a27283b21 HTTP/1.1" 200 87 "-" "PostmanRuntime/7.45.0"
::1 - - [10/Aug/2025:16:30:31 +0000] "GET /api/books HTTP/1.1" 200 266 "-" "PostmanRuntime/7.45.0"
::1 - - [10/Aug/2025:17:02:03 +0000] "PATCH /api/books/returnBook/abfe9828-62ec-4ec0-a732-c9d6d577a71e HTTP/1.1" 400 59 "-" "PostmanRuntime/7.45.0"
::1 - - [10/Aug/2025:17:02:22 +0000] "PATCH /api/books/returnBook/c63c6dfd-a9a2-4b26-b157-b91a27283b21 HTTP/1.1" 200 71 "-" "PostmanRuntime/7.45.0"
::1 - - [10/Aug/2025:17:02:30 +0000] "GET /api/books HTTP/1.1" 200 289 "-" "PostmanRuntime/7.45.0"
::1 - - [10/Aug/2025:17:13:47 +0000] "DELETE /api/books HTTP/1.1" 400 35 "-" "PostmanRuntime/7.45.0"
::1 - - [10/Aug/2025:17:14:02 +0000] "DELETE /api/books HTTP/1.1" 200 287 "-" "PostmanRuntime/7.45.0"
::1 - - [10/Aug/2025:17:14:12 +0000] "GET /api/books HTTP/1.1" 200 2 "-" "PostmanRuntime/7.45.0"
::1 - - [10/Aug/2025:17:14:45 +0000] "PATCH /api/books/returnBook/c63c6dfd-a9a2-4b26-b157-b91a27283b21 HTTP/1.1" 400 59 "-" "PostmanRuntime/7.45.0"
::1 - - [10/Aug/2025:17:19:07 +0000] "POST /api/books HTTP/1.1" 201 150 "-" "PostmanRuntime/7.45.0"
::1 - - [11/Aug/2025:19:05:17 +0000] "GET /api/books HTTP/1.1" 500 20 "-" "PostmanRuntime/7.45.0"
::1 - - [11/Aug/2025:19:05:18 +0000] "GET /api/books HTTP/1.1" 500 20 "-" "PostmanRuntime/7.45.0"
::1 - - [11/Aug/2025:19:05:24 +0000] "GET /api/books HTTP/1.1" 500 20 "-" "PostmanRuntime/7.45.0"
::1 - - [11/Aug/2025:19:06:31 +0000] "GET /api/books HTTP/1.1" 500 20 "-" "PostmanRuntime/7.45.0"
::1 - - [11/Aug/2025:19:06:33 +0000] "GET /api/books HTTP/1.1" 500 20 "-" "PostmanRuntime/7.45.0"
::1 - - [11/Aug/2025:19:09:08 +0000] "GET /api/books HTTP/1.1" 200 165 "-" "PostmanRuntime/7.45.0"
::1 - - [11/Aug/2025:19:09:25 +0000] "PATCH /api/books/pickup/c63c6dfd-a9a2-4b26-b157-b91a27283b21 HTTP/1.1" 400 59 "-" "PostmanRuntime/7.45.0"
::1 - - [11/Aug/2025:19:09:43 +0000] "PATCH /api/books/pickup/789495a1-a046-4cb1-aa7b-42cc91b73589 HTTP/1.1" 200 87 "-" "PostmanRuntime/7.45.0"
::1 - - [11/Aug/2025:19:09:52 +0000] "GET /api/books HTTP/1.1" 200 279 "-" "PostmanRuntime/7.45.0"
::1 - - [12/Aug/2025:19:22:24 +0000] "GET /api/books HTTP/1.1" 200 2 "-" "PostmanRuntime/7.45.0"
::1 - - [12/Aug/2025:19:22:31 +0000] "POST /api/books HTTP/1.1" 201 163 "-" "PostmanRuntime/7.45.0"
::1 - - [12/Aug/2025:19:22:35 +0000] "GET /api/books HTTP/1.1" 200 165 "-" "PostmanRuntime/7.45.0"
::1 - - [12/Aug/2025:19:22:45 +0000] "GET /api/books/genre?genre=classic HTTP/1.1" 200 165 "-" "PostmanRuntime/7.45.0"
::1 - - [12/Aug/2025:19:22:54 +0000] "GET /api/books/genre?genre=fan HTTP/1.1" 404 30 "-" "PostmanRuntime/7.45.0"
::1 - - [12/Aug/2025:19:23:04 +0000] "GET /api/books/genre?genre=classic HTTP/1.1" 200 165 "-" "PostmanRuntime/7.45.0"
::1 - - [12/Aug/2025:19:23:11 +0000] "PATCH /api/books/pickup/789495a1-a046-4cb1-aa7b-42cc91b73589 HTTP/1.1" 400 59 "-" "PostmanRuntime/7.45.0"
::1 - - [12/Aug/2025:19:24:03 +0000] "PATCH /api/books/pickup/5f39d09a-dc0e-4122-bcb8-2496f96aadbe HTTP/1.1" 200 87 "-" "PostmanRuntime/7.45.0"
::1 - - [12/Aug/2025:19:24:11 +0000] "GET /api/books HTTP/1.1" 200 279 "-" "PostmanRuntime/7.45.0"
::1 - - [12/Aug/2025:19:24:25 +0000] "PATCH /api/books/returnBook/5f39d09a-dc0e-4122-bcb8-2496f96aadbe HTTP/1.1" 200 71 "-" "PostmanRuntime/7.45.0"
::1 - - [12/Aug/2025:19:24:45 +0000] "DELETE /api/books HTTP/1.1" 200 300 "-" "PostmanRuntime/7.45.0"
::1 - - [12/Aug/2025:19:26:53 +0000] "GET /api/books/genre_status?genre=classic&status=on_stock HTTP/1.1" 404 14 "-" "PostmanRuntime/7.45.0"
::1 - - [12/Aug/2025:19:29:42 +0000] "POST /api/books HTTP/1.1" 201 163 "-" "PostmanRuntime/7.45.0"
::1 - - [12/Aug/2025:19:29:46 +0000] "GET /api/books HTTP/1.1" 200 165 "-" "PostmanRuntime/7.45.0"
::1 - - [12/Aug/2025:19:29:52 +0000] "GET /api/books/genre_status?genre=classic&status=on_stock HTTP/1.1" 404 14 "-" "PostmanRuntime/7.45.0"
::1 - - [12/Aug/2025:19:29:54 +0000] "GET /api/books/genre_status?genre=classic&status=on_stock HTTP/1.1" 404 14 "-" "PostmanRuntime/7.45.0"
::1 - - [12/Aug/2025:19:42:45 +0000] "GET /api/books HTTP/1.1" 200 165 "-" "PostmanRuntime/7.45.0"
::1 - - [12/Aug/2025:19:42:49 +0000] "GET /api/books/genre_status?genre=classic&status=on_stock HTTP/1.1" 400 19 "-" "PostmanRuntime/7.45.0"
::1 - - [12/Aug/2025:19:43:04 +0000] "GET /api/books/genre_status?genre=classic&status=on_hand HTTP/1.1" 400 19 "-" "PostmanRuntime/7.45.0"
::1 - - [12/Aug/2025:19:43:13 +0000] "GET /api/books/genre_status?genre=classic&status=on_stock HTTP/1.1" 400 19 "-" "PostmanRuntime/7.45.0"
::1 - - [12/Aug/2025:19:43:24 +0000] "GET /api/books/genre_status?genre=classic&status=ON_STOCK HTTP/1.1" 400 19 "-" "PostmanRuntime/7.45.0"
::1 - - [12/Aug/2025:19:43:43 +0000] "GET /api/books/genre_status?genre=classic&status=on%20stock HTTP/1.1" 200 165 "-" "PostmanRuntime/7.45.0"
::1 - - [15/Aug/2025:15:19:14 +0000] "POST /api/books HTTP/1.1" 404 14 "-" "PostmanRuntime/7.45.0"
::1 - - [15/Aug/2025:15:20:48 +0000] "POST /api/books HTTP/1.1" 404 14 "-" "PostmanRuntime/7.45.0"
::1 - - [15/Aug/2025:15:29:58 +0000] "POST /api/books HTTP/1.1" 201 141 "-" "PostmanRuntime/7.45.0"
::1 - - [16/Aug/2025:10:19:51 +0000] "GET /api/books HTTP/1.1" 200 129 "-" "PostmanRuntime/7.45.0"
::1 - - [16/Aug/2025:10:21:24 +0000] "POST /api/books HTTP/1.1" 201 144 "-" "PostmanRuntime/7.45.0"
::1 - - [16/Aug/2025:10:24:08 +0000] "POST /api/books HTTP/1.1" 201 141 "-" "PostmanRuntime/7.45.0"
::1 - - [16/Aug/2025:10:24:14 +0000] "GET /api/books HTTP/1.1" 200 388 "-" "PostmanRuntime/7.45.0"
::1 - - [16/Aug/2025:12:04:22 +0000] "GET /api/books?id=3a731ad6-c9d8-4d7d-8bc1-bdbe983a4890 HTTP/1.1" 200 388 "-" "PostmanRuntime/7.45.0"
::1 - - [16/Aug/2025:12:04:33 +0000] "GET /api/books?id=3a731ad6-c9d8-4d7d-8bc1-bdbe983a4890 HTTP/1.1" 200 388 "-" "PostmanRuntime/7.45.0"
::1 - - [16/Aug/2025:12:06:20 +0000] "GET /api/books?id=3a731ad6-c9d8-4d7d-8bc1-bdbe983a4890 HTTP/1.1" 200 388 "-" "PostmanRuntime/7.45.0"
::1 - - [16/Aug/2025:12:08:21 +0000] "GET /api/books HTTP/1.1" 200 388 "-" "PostmanRuntime/7.45.0"
::1 - - [16/Aug/2025:12:08:25 +0000] "GET /api/books?id=3a731ad6-c9d8-4d7d-8bc1-bdbe983a4890 HTTP/1.1" 200 388 "-" "PostmanRuntime/7.45.0"
::1 - - [16/Aug/2025:12:08:37 +0000] "GET /api/books?id=acf19cce-6982-4185-8ef0-a87dbfb36cd7 HTTP/1.1" 200 388 "-" "PostmanRuntime/7.45.0"
::1 - - [16/Aug/2025:12:12:24 +0000] "GET /api/books?id=acf19cce-6982-4185-8ef0-a87dbfb36cd7 HTTP/1.1" 200 388 "-" "PostmanRuntime/7.45.0"
::1 - - [16/Aug/2025:12:13:48 +0000] "GET /api/books?id=acf19cce-6982-4185-8ef0-a87dbfb36cd7 HTTP/1.1" 200 388 "-" "PostmanRuntime/7.45.0"
::1 - - [16/Aug/2025:12:15:46 +0000] "GET /api/books?id=acf19cce-6982-4185-8ef0-a87dbfb36cd7 HTTP/1.1" 200 388 "-" "PostmanRuntime/7.45.0"
::1 - - [16/Aug/2025:12:16:32 +0000] "GET /api/books?id=acf19cce-6982-4185-8ef0-a87dbfb36cd7 HTTP/1.1" 200 388 "-" "PostmanRuntime/7.45.0"
::1 - - [16/Aug/2025:12:28:23 +0000] "GET /api/books/acf19cce-6982-4185-8ef0-a87dbfb36cd7 HTTP/1.1" 200 141 "-" "PostmanRuntime/7.45.0"
::1 - - [16/Aug/2025:12:32:41 +0000] "DELETE /api/books HTTP/1.1" 200 144 "-" "PostmanRuntime/7.45.0"
::1 - - [16/Aug/2025:12:34:31 +0000] "GET /api/books HTTP/1.1" 200 129 "-" "PostmanRuntime/7.45.0"
::1 - - [16/Aug/2025:13:09:41 +0000] "GET /api/books HTTP/1.1" 200 129 "-" "PostmanRuntime/7.45.0"
::1 - - [16/Aug/2025:13:09:47 +0000] "POST /api/books HTTP/1.1" 201 141 "-" "PostmanRuntime/7.45.0"
::1 - - [16/Aug/2025:13:10:49 +0000] "GET /api/books/genre?genre=classic HTTP/1.1" 400 11 "-" "PostmanRuntime/7.45.0"
::1 - - [16/Aug/2025:13:11:06 +0000] "GET /api/books/genre/classic HTTP/1.1" 404 14 "-" "PostmanRuntime/7.45.0"
::1 - - [16/Aug/2025:13:11:20 +0000] "GET /api/books/genre?genre=classic HTTP/1.1" 400 11 "-" "PostmanRuntime/7.45.0"
::1 - - [16/Aug/2025:13:12:17 +0000] "GET /api/books/genre HTTP/1.1" 400 11 "-" "PostmanRuntime/7.45.0"
::1 - - [16/Aug/2025:13:12:35 +0000] "GET /api/books/genre=fantasy HTTP/1.1" 400 11 "-" "PostmanRuntime/7.45.0"
::1 - - [16/Aug/2025:13:12:48 +0000] "GET /api/books/genre=fantasy HTTP/1.1" 400 11 "-" "PostmanRuntime/7.45.0"
::1 - - [16/Aug/2025:13:14:18 +0000] "GET /api/books/genre?genre=fantasy HTTP/1.1" 400 11 "-" "PostmanRuntime/7.45.0"
::1 - - [16/Aug/2025:13:14:19 +0000] "GET /api/books/genre?genre=fantasy HTTP/1.1" 400 11 "-" "PostmanRuntime/7.45.0"
::1 - - [16/Aug/2025:13:15:51 +0000] "GET /api/books/genre?genre=classic HTTP/1.1" 400 11 "-" "PostmanRuntime/7.45.0"
::1 - - [16/Aug/2025:13:18:05 +0000] "GET /api/books/genre?genre=fantasy HTTP/1.1" 400 11 "-" "PostmanRuntime/7.45.0"
::1 - - [16/Aug/2025:13:21:24 +0000] "GET /api/books/genre?genre=fantasy HTTP/1.1" 400 11 "-" "PostmanRuntime/7.45.0"
::1 - - [16/Aug/2025:13:21:36 +0000] "GET /api/books/genre?genre=classic HTTP/1.1" 400 11 "-" "PostmanRuntime/7.45.0"
::1 - - [16/Aug/2025:13:23:01 +0000] "GET /api/books/genre?genre=classic HTTP/1.1" 400 11 "-" "PostmanRuntime/7.45.0"
::1 - - [16/Aug/2025:13:23:06 +0000] "GET /api/books HTTP/1.1" 200 257 "-" "PostmanRuntime/7.45.0"
::1 - - [16/Aug/2025:13:23:06 +0000] "GET /api/books HTTP/1.1" 200 257 "-" "PostmanRuntime/7.45.0"
::1 - - [16/Aug/2025:13:23:19 +0000] "GET /api/books/genre?genre=classic HTTP/1.1" 400 11 "-" "PostmanRuntime/7.45.0"
::1 - - [16/Aug/2025:13:25:42 +0000] "GET /api/books/genre?genre=classic HTTP/1.1" 400 11 "-" "PostmanRuntime/7.45.0"
::1 - - [16/Aug/2025:13:27:13 +0000] "GET /api/books/genre?genre=classic HTTP/1.1" 400 11 "-" "PostmanRuntime/7.45.0"
::1 - - [16/Aug/2025:13:27:44 +0000] "GET /api/books/genre?genre=classic HTTP/1.1" 400 11 "-" "PostmanRuntime/7.45.0"
::1 - - [16/Aug/2025:13:28:43 +0000] "GET /api/books/genre?genre=classic HTTP/1.1" 400 11 "-" "PostmanRuntime/7.45.0"
::1 - - [16/Aug/2025:13:49:17 +0000] "GET /api/books/genre?genre=classic HTTP/1.1" 200 143 "-" "PostmanRuntime/7.45.0"
::1 - - [16/Aug/2025:14:01:36 +0000] "GET /api/books/genre?genre=fantasy HTTP/1.1" 200 143 "-" "PostmanRuntime/7.45.0"
::1 - - [16/Aug/2025:14:01:44 +0000] "GET /api/books/genre?genre=b HTTP/1.1" 400 11 "-" "PostmanRuntime/7.45.0"
::1 - - [16/Aug/2025:14:01:52 +0000] "GET /api/books/genre?genre=fantasy HTTP/1.1" 200 143 "-" "PostmanRuntime/7.45.0"
::1 - - [16/Aug/2025:14:02:53 +0000] "GET /api/books/genre?genre=fantasy HTTP/1.1" 200 143 "-" "PostmanRuntime/7.45.0"
::1 - - [16/Aug/2025:14:03:01 +0000] "GET /api/books/genre?genre=classic HTTP/1.1" 200 143 "-" "PostmanRuntime/7.45.0"
::1 - - [16/Aug/2025:14:21:05 +0000] "GET /api/books/genre_status?genre=classic&status=on%20stock HTTP/1.1" 200 143 "-" "PostmanRuntime/7.45.0"
::1 - - [16/Aug/2025:14:21:19 +0000] "GET /api/books/genre_status?genre=fantasy&status=on%20stock HTTP/1.1" 200 143 "-" "PostmanRuntime/7.45.0"
::1 - - [16/Aug/2025:15:09:09 +0000] "PATCH /api/books/pickup/5f39d09a-dc0e-4122-bcb8-2496f96aadbe HTTP/1.1" 404 14 "-" "PostmanRuntime/7.45.0"
::1 - - [16/Aug/2025:15:09:22 +0000] "GET /api/books HTTP/1.1" 200 257 "-" "PostmanRuntime/7.45.0"
::1 - - [16/Aug/2025:15:09:34 +0000] "PATCH /api/books/pickup/09bd972a-791a-4c5a-bffa-6798eeac89ea HTTP/1.1" 404 14 "-" "PostmanRuntime/7.45.0"
::1 - - [16/Aug/2025:15:12:47 +0000] "PATCH /api/books/pickup/09bd972a-791a-4c5a-bffa-6798eeac89ea HTTP/1.1" 404 14 "-" "PostmanRuntime/7.45.0"
::1 - - [16/Aug/2025:15:12:49 +0000] "PATCH /api/books/pickup/09bd972a-791a-4c5a-bffa-6798eeac89ea HTTP/1.1" 404 14 "-" "PostmanRuntime/7.45.0"
::1 - - [16/Aug/2025:15:15:13 +0000] "PUT /api/books/pickup/09bd972a-791a-4c5a-bffa-6798eeac89ea HTTP/1.1" 400 15 "-" "PostmanRuntime/7.45.0"
::1 - - [16/Aug/2025:15:15:46 +0000] "PUT /api/books/pickup/09bd972a-791a-4c5a-bffa-6798eeac89ea HTTP/1.1" 400 15 "-" "PostmanRuntime/7.45.0"
::1 - - [16/Aug/2025:15:26:28 +0000] "PUT /api/books/pickup/09bd972a-791a-4c5a-bffa-6798eeac89ea HTTP/1.1" 400 15 "-" "PostmanRuntime/7.45.0"
::1 - - [16/Aug/2025:15:29:41 +0000] "PUT /api/books/pickup/09bd972a-791a-4c5a-bffa-6798eeac89ea HTTP/1.1" 404 41 "-" "PostmanRuntime/7.45.0"
::1 - - [16/Aug/2025:15:56:17 +0000] "PUT /api/books/pickup/09bd972a-791a-4c5a-bffa-6798eeac89ea HTTP/1.1" 400 18 "-" "PostmanRuntime/7.45.0"
::1 - - [16/Aug/2025:15:57:08 +0000] "PUT /api/books/pickup HTTP/1.1" 404 14 "-" "PostmanRuntime/7.45.0"
::1 - - [16/Aug/2025:15:57:16 +0000] "PUT /api/books/pickup/f3e81a6a-4cd9-4e71-bf3b-ec3bb13e9aef HTTP/1.1" 400 18 "-" "PostmanRuntime/7.45.0"
::1 - - [16/Aug/2025:15:58:51 +0000] "PUT /api/books/pickup/f3e81a6a-4cd9-4e71-bf3b-ec3bb13e9aef HTTP/1.1" 404 56 "-" "PostmanRuntime/7.45.0"
::1 - - [16/Aug/2025:16:01:26 +0000] "PUT /api/books/pickup/09bd972a-791a-4c5a-bffa-6798eeac89ea HTTP/1.1" 200 41 "-" "PostmanRuntime/7.45.0"
::1 - - [16/Aug/2025:16:01:44 +0000] "GET /api/books HTTP/1.1" 200 256 "-" "PostmanRuntime/7.45.0"
::1 - - [16/Aug/2025:16:19:24 +0000] "PUT /api/books/pickup/09bd972a-791a-4c5a-bffa-6798eeac89ea HTTP/1.1" 500 20 "-" "PostmanRuntime/7.45.0"
::1 - - [16/Aug/2025:16:21:24 +0000] "PUT /api/books/returnBook/09bd972a-791a-4c5a-bffa-6798eeac89ea HTTP/1.1" 400 15 "-" "PostmanRuntime/7.45.0"
::1 - - [16/Aug/2025:16:22:51 +0000] "PUT /api/books/returnBook/09bd972a-791a-4c5a-bffa-6798eeac89ea HTTP/1.1" 400 15 "-" "PostmanRuntime/7.45.0"
::1 - - [16/Aug/2025:16:23:12 +0000] "PUT /api/books/returnBook/09bd972a-791a-4c5a-bffa-6798eeac89ea HTTP/1.1" 400 15 "-" "PostmanRuntime/7.45.0"
::1 - - [16/Aug/2025:16:23:33 +0000] "PUT /api/books/returnBook/09bd972a-791a-4c5a-bffa-6798eeac89ea HTTP/1.1" 400 15 "-" "PostmanRuntime/7.45.0"
::1 - - [16/Aug/2025:16:25:56 +0000] "PUT /api/books/returnBook/09bd972a-791a-4c5a-bffa-6798eeac89ea HTTP/1.1" 200 40 "-" "PostmanRuntime/7.45.0"
::1 - - [16/Aug/2025:16:26:07 +0000] "GET /api/books HTTP/1.1" 200 257 "-" "PostmanRuntime/7.45.0"
::1 - - [16/Aug/2025:17:36:27 +0000] "POST /api/books HTTP/1.1" 201 145 "-" "PostmanRuntime/7.45.0"
::1 - - [16/Aug/2025:17:36:45 +0000] "PUT /api/books/pickup/3b3bc54e-d2f3-4dac-8188-1e9e596047c5 HTTP/1.1" 200 41 "-" "PostmanRuntime/7.45.0"
::1 - - [16/Aug/2025:17:36:49 +0000] "GET /api/books HTTP/1.1" 200 388 "-" "PostmanRuntime/7.45.0"
::1 - - [16/Aug/2025:17:37:06 +0000] "PUT /api/books/returnBook/3b3bc54e-d2f3-4dac-8188-1e9e596047c5 HTTP/1.1" 200 40 "-" "PostmanRuntime/7.45.0"
::1 - - [16/Aug/2025:17:37:11 +0000] "GET /api/books HTTP/1.1" 200 389 "-" "PostmanRuntime/7.45.0"
::1 - - [20/Aug/2025:16:17:20 +0000] "GET /accounts/reader HTTP/1.1" 400 16 "-" "PostmanRuntime/7.45.0"
::1 - - [20/Aug/2025:16:18:59 +0000] "GET /accounts/reader/100000000 HTTP/1.1" 404 14 "-" "PostmanRuntime/7.45.0"
::1 - - [20/Aug/2025:16:20:07 +0000] "POST /accounts/reader HTTP/1.1" 404 14 "-" "PostmanRuntime/7.45.0"
::1 - - [20/Aug/2025:16:20:27 +0000] "POST /accounts HTTP/1.1" 400 16 "-" "PostmanRuntime/7.45.0"
::1 - - [20/Aug/2025:16:20:36 +0000] "POST /accounts/ HTTP/1.1" 400 16 "-" "PostmanRuntime/7.45.0"
::1 - - [20/Aug/2025:16:20:58 +0000] "POST /accounts/ HTTP/1.1" 400 22 "-" "PostmanRuntime/7.45.0"
::1 - - [20/Aug/2025:16:21:49 +0000] "POST /accounts/ HTTP/1.1" 500 20 "-" "PostmanRuntime/7.45.0"
::1 - - [20/Aug/2025:16:22:43 +0000] "POST /accounts/ HTTP/1.1" 500 20 "-" "PostmanRuntime/7.45.0"
::1 - - [20/Aug/2025:16:22:47 +0000] "POST /accounts HTTP/1.1" 500 20 "-" "PostmanRuntime/7.45.0"
::1 - - [20/Aug/2025:16:22:56 +0000] "POST /accounts HTTP/1.1" 500 20 "-" "PostmanRuntime/7.45.0"
::1 - - [20/Aug/2025:16:26:07 +0000] "POST /accounts HTTP/1.1" 500 20 "-" "PostmanRuntime/7.45.0"
::1 - - [20/Aug/2025:16:27:07 +0000] "POST /accounts HTTP/1.1" 500 20 "-" "PostmanRuntime/7.45.0"
::1 - - [20/Aug/2025:16:27:13 +0000] "POST /accounts/ HTTP/1.1" 500 20 "-" "PostmanRuntime/7.45.0"
::1 - - [20/Aug/2025:18:19:30 +0000] "POST /accounts/ HTTP/1.1" - - "-" "PostmanRuntime/7.45.0"
::1 - - [20/Aug/2025:18:19:47 +0000] "POST /accounts HTTP/1.1" 500 20 "-" "PostmanRuntime/7.45.0"
::1 - - [20/Aug/2025:18:19:51 +0000] "POST /accounts HTTP/1.1" - - "-" "PostmanRuntime/7.45.0"
::1 - - [20/Aug/2025:18:41:07 +0000] "POST /accounts HTTP/1.1" - - "-" "PostmanRuntime/7.45.0"
::1 - - [20/Aug/2025:18:45:00 +0000] "POST /accounts HTTP/1.1" 201 - "-" "PostmanRuntime/7.45.0"
::1 - - [20/Aug/2025:18:45:08 +0000] "GET /accounts/reader/100000000 HTTP/1.1" 404 14 "-" "PostmanRuntime/7.45.0"
::1 - - [20/Aug/2025:18:45:23 +0000] "GET /accounts/reader HTTP/1.1" 400 16 "-" "PostmanRuntime/7.45.0"
::1 - - [20/Aug/2025:18:45:30 +0000] "GET /accounts/reader/123456789 HTTP/1.1" 404 14 "-" "PostmanRuntime/7.45.0"
::1 - - [20/Aug/2025:18:52:42 +0000] "GET /accounts/reader/123456789 HTTP/1.1" 200 90 "-" "PostmanRuntime/7.45.0"
::1 - - [20/Aug/2025:18:56:13 +0000] "POST /accounts HTTP/1.1" 201 - "-" "PostmanRuntime/7.45.0"
::1 - - [20/Aug/2025:18:57:04 +0000] "DELETE /accounts HTTP/1.1" 404 14 "-" "PostmanRuntime/7.45.0"
::1 - - [20/Aug/2025:18:57:30 +0000] "DELETE /accounts HTTP/1.1" 404 14 "-" "PostmanRuntime/7.45.0"
::1 - - [20/Aug/2025:18:58:01 +0000] "DELETE /accounts/555555555 HTTP/1.1" 200 93 "-" "PostmanRuntime/7.45.0"
::1 - - [20/Aug/2025:19:00:33 +0000] "PATCH /accounts/password HTTP/1.1" 400 22 "-" "PostmanRuntime/7.45.0"
::1 - - [20/Aug/2025:19:00:45 +0000] "PATCH /accounts/password HTTP/1.1" 400 16 "-" "PostmanRuntime/7.45.0"
::1 - - [20/Aug/2025:19:00:56 +0000] "PATCH /accounts/password HTTP/1.1" 204 - "-" "PostmanRuntime/7.45.0"
::1 - - [21/Aug/2025:16:34:20 +0000] "GET /accounts HTTP/1.1" 200 174 "-" "PostmanRuntime/7.45.0"
::1 - - [22/Aug/2025:12:08:12 +0000] "POST /accounts HTTP/1.1" 201 - "-" "PostmanRuntime/7.45.0"
::1 - 555555555 [22/Aug/2025:12:08:37 +0000] "GET /accounts/reader/123456789 HTTP/1.1" 404 14 "-" "PostmanRuntime/7.45.0"
::1 - 555555555 [22/Aug/2025:12:09:16 +0000] "GET /accounts/reader/123456789 HTTP/1.1" 404 14 "-" "PostmanRuntime/7.45.0"
::1 - 555555555 [22/Aug/2025:12:19:16 +0000] "GET /accounts/reader/123456789 HTTP/1.1" 404 14 "-" "PostmanRuntime/7.45.0"
::1 - 555555555 [22/Aug/2025:12:19:19 +0000] "GET /accounts/reader/123456789 HTTP/1.1" 404 14 "-" "PostmanRuntime/7.45.0"
::1 - 555555555 [22/Aug/2025:12:21:05 +0000] "GET /accounts/reader/123456789 HTTP/1.1" 403 90 "-" "PostmanRuntime/7.45.0"
::1 - 555555555 [22/Aug/2025:12:21:19 +0000] "GET /accounts/reader/123456789 HTTP/1.1" 403 90 "-" "PostmanRuntime/7.45.0"
::1 - 555555555 [22/Aug/2025:12:25:40 +0000] "GET /accounts HTTP/1.1" 200 350 "-" "PostmanRuntime/7.45.0"
::1 - 555555555 [22/Aug/2025:12:27:03 +0000] "GET /accounts/reader/123456789 HTTP/1.1" 403 90 "-" "PostmanRuntime/7.45.0"
::1 - 555555555 [22/Aug/2025:13:15:42 +0000] "GET /accounts/reader/123456789 HTTP/1.1" 403 90 "-" "PostmanRuntime/7.45.0"
::1 - 555555555 [22/Aug/2025:13:20:05 +0000] "GET /accounts/reader/123456789 HTTP/1.1" 200 90 "-" "PostmanRuntime/7.45.0"
::1 - 555555555 [22/Aug/2025:13:31:08 +0000] "GET /accounts/reader/123456789 HTTP/1.1" 200 90 "-" "PostmanRuntime/7.45.0"
::1 - 555555555у [22/Aug/2025:13:31:12 +0000] "GET /accounts/reader/123456789 HTTP/1.1" 200 90 "-" "PostmanRuntime/7.45.0"
::1 - 555555555 [22/Aug/2025:13:31:30 +0000] "GET /accounts/reader/123456789 HTTP/1.1" 200 90 "-" "PostmanRuntime/7.45.0"
::1 - 555555555 [22/Aug/2025:13:47:26 +0000] "GET /accounts/reader/123456789 HTTP/1.1" 200 90 "-" "PostmanRuntime/7.45.0"
::1 - 555555555 [22/Aug/2025:15:44:20 +0000] "GET /accounts/reader/123456789 HTTP/1.1" 500 20 "-" "PostmanRuntime/7.45.0"
::1 - 555555555 [22/Aug/2025:15:51:31 +0000] "GET /accounts/reader/123456789 HTTP/1.1" 200 90 "-" "PostmanRuntime/7.45.0"
::1 - 555555555 [22/Aug/2025:15:51:47 +0000] "GET /accounts/reader/123456789 HTTP/1.1" 200 90 "-" "PostmanRuntime/7.45.0"
::1 - 555555555 [22/Aug/2025:15:55:55 +0000] "PATCH /accounts/password HTTP/1.1" 204 - "-" "PostmanRuntime/7.45.0"
::1 - 555555555 [22/Aug/2025:15:56:22 +0000] "PATCH /accounts/password HTTP/1.1" 204 - "-" "PostmanRuntime/7.45.0"
::1 - 555555555 [22/Aug/2025:15:56:37 +0000] "GET /accounts HTTP/1.1" 200 350 "-" "PostmanRuntime/7.45.0"
::1 - 123456789 [22/Aug/2025:15:57:26 +0000] "GET /accounts HTTP/1.1" 200 350 "-" "PostmanRuntime/7.45.0"
::1 - 123456789 [22/Aug/2025:15:58:02 +0000] "GET /accounts/reader/123456789 HTTP/1.1" 200 90 "-" "PostmanRuntime/7.45.0"
::1 - 123456789 [22/Aug/2025:16:45:56 +0000] "GET /accounts/reader/123456789 HTTP/1.1" 200 90 "-" "PostmanRuntime/7.45.0"
::1 - 123456789 [22/Aug/2025:16:46:13 +0000] "GET /accounts/reader/123456789 HTTP/1.1" 200 90 "-" "PostmanRuntime/7.45.0"
::1 - - [24/Aug/2025:15:34:38 +0000] "POST /accounts HTTP/1.1" 500 20 "-" "PostmanRuntime/7.45.0"
::1 - - [24/Aug/2025:15:34:46 +0000] "POST /account HTTP/1.1" 404 14 "-" "PostmanRuntime/7.45.0"
::1 - - [24/Aug/2025:15:35:10 +0000] "POST /accounts HTTP/1.1" 500 20 "-" "PostmanRuntime/7.45.0"
::1 - - [24/Aug/2025:15:37:05 +0000] "POST /accounts HTTP/1.1" 500 20 "-" "PostmanRuntime/7.45.0"
::1 - Nikita [24/Aug/2025:15:43:39 +0000] "POST /accounts HTTP/1.1" 500 20 "-" "PostmanRuntime/7.45.0"
::1 - Nikita [24/Aug/2025:15:52:03 +0000] "POST /accounts HTTP/1.1" 500 20 "-" "PostmanRuntime/7.45.0"
::1 - Nikita [24/Aug/2025:15:55:00 +0000] "POST /accounts HTTP/1.1" 500 20 "-" "PostmanRuntime/7.45.0"
::1 - Nikita [24/Aug/2025:16:06:34 +0000] "POST /accounts HTTP/1.1" 500 20 "-" "PostmanRuntime/7.45.0"
::1 - Nikita [24/Aug/2025:16:15:17 +0000] "POST /accounts HTTP/1.1" 500 20 "-" "PostmanRuntime/7.45.0"
::1 - Nikita [24/Aug/2025:16:16:58 +0000] "POST /accounts HTTP/1.1" 500 20 "-" "PostmanRuntime/7.45.0"
::1 - Nikita [24/Aug/2025:16:17:28 +0000] "POST /accounts HTTP/1.1" 500 20 "-" "PostmanRuntime/7.45.0"
::1 - Nikita [24/Aug/2025:16:17:35 +0000] "POST /accounts HTTP/1.1" 500 20 "-" "PostmanRuntime/7.45.0"
::1 - 555555550 [24/Aug/2025:16:17:50 +0000] "POST /accounts HTTP/1.1" 500 20 "-" "PostmanRuntime/7.45.0"
::1 - 555555550 [24/Aug/2025:16:18:09 +0000] "POST /accounts HTTP/1.1" 500 20 "-" "PostmanRuntime/7.45.0"
::1 - 555555550 [24/Aug/2025:16:18:25 +0000] "POST /accounts HTTP/1.1" 500 20 "-" "PostmanRuntime/7.45.0"
::1 - 555555550 [24/Aug/2025:16:24:59 +0000] "POST /accounts HTTP/1.1" 500 20 "-" "PostmanRuntime/7.45.0"
::1 - - [24/Aug/2025:16:25:08 +0000] "GET /accounts/reader/123456789 HTTP/1.1" 500 20 "-" "PostmanRuntime/7.45.0"
::1 - 123456789 [24/Aug/2025:16:25:20 +0000] "GET /accounts HTTP/1.1" 500 20 "-" "PostmanRuntime/7.45.0"
::1 - 555555550 [24/Aug/2025:16:26:55 +0000] "POST /accounts HTTP/1.1" 500 20 "-" "PostmanRuntime/7.45.0"
::1 - - [24/Aug/2025:16:31:21 +0000] "POST /accounts HTTP/1.1" 500 20 "-" "PostmanRuntime/7.45.0"
::1 - - [24/Aug/2025:16:31:36 +0000] "POST /accounts HTTP/1.1" 500 20 "-" "PostmanRuntime/7.45.0"
::1 - 555555550 [24/Aug/2025:16:31:48 +0000] "POST /accounts HTTP/1.1" 500 20 "-" "PostmanRuntime/7.45.0"
::1 - Nikita [24/Aug/2025:16:31:58 +0000] "POST /accounts HTTP/1.1" 500 20 "-" "PostmanRuntime/7.45.0"
::1 - Nikita [24/Aug/2025:16:33:48 +0000] "POST /accounts HTTP/1.1" 500 20 "-" "PostmanRuntime/7.45.0"
::1 - 555555550 [24/Aug/2025:16:33:55 +0000] "POST /accounts HTTP/1.1" 500 20 "-" "PostmanRuntime/7.45.0"
::1 - 555555550 [24/Aug/2025:16:35:06 +0000] "POST /accounts HTTP/1.1" 500 20 "-" "PostmanRuntime/7.45.0"
::1 - Nikita [24/Aug/2025:16:35:24 +0000] "POST /accounts HTTP/1.1" 500 20 "-" "PostmanRuntime/7.45.0"
::1 - Nikita [24/Aug/2025:16:35:44 +0000] "POST /accounts HTTP/1.1" 500 20 "-" "PostmanRuntime/7.45.0"
::1 - Nikita [24/Aug/2025:16:35:46 +0000] "POST /accounts HTTP/1.1" 500 20 "-" "PostmanRuntime/7.45.0"
::1 - - [24/Aug/2025:16:35:49 +0000] "POST /accounts HTTP/1.1" 500 20 "-" "PostmanRuntime/7.45.0"
::1 - Nikita [24/Aug/2025:16:35:53 +0000] "POST /accounts HTTP/1.1" 500 20 "-" "PostmanRuntime/7.45.0"
::1 - 555555550 [24/Aug/2025:16:36:02 +0000] "POST /accounts HTTP/1.1" 500 20 "-" "PostmanRuntime/7.45.0"
::1 - 555555550 [24/Aug/2025:16:49:29 +0000] "POST /accounts HTTP/1.1" 500 20 "-" "PostmanRuntime/7.45.0"
::1 - Nikita [24/Aug/2025:16:49:36 +0000] "POST /accounts HTTP/1.1" 500 20 "-" "PostmanRuntime/7.45.0"
::1 - Nikita [24/Aug/2025:16:49:54 +0000] "POST /accounts HTTP/1.1" 500 20 "-" "PostmanRuntime/7.45.0"
::1 - Nikita [24/Aug/2025:16:50:01 +0000] "POST /accounts HTTP/1.1" 500 20 "-" "PostmanRuntime/7.45.0"
::1 - - [24/Aug/2025:16:50:09 +0000] "POST /accounts HTTP/1.1" 500 20 "-" "PostmanRuntime/7.45.0"
::1 - - [24/Aug/2025:16:54:55 +0000] "POST /accounts HTTP/1.1" 500 20 "-" "PostmanRuntime/7.45.0"
::1 - Nikita [24/Aug/2025:16:55:38 +0000] "POST /accounts HTTP/1.1" 500 20 "-" "PostmanRuntime/7.45.0"
::1 - 555555550 [24/Aug/2025:16:56:02 +0000] "POST /accounts HTTP/1.1" 500 20 "-" "PostmanRuntime/7.45.0"
::1 - 555555550 [24/Aug/2025:16:56:37 +0000] "POST /accounts HTTP/1.1" 500 20 "-" "PostmanRuntime/7.45.0"
::1 - 555555550 [24/Aug/2025:17:02:24 +0000] "POST /accounts HTTP/1.1" 500 20 "-" "PostmanRuntime/7.45.0"
::1 - 555555550 [24/Aug/2025:17:02:33 +0000] "POST /accounts HTTP/1.1" 500 20 "-" "PostmanRuntime/7.45.0"
::1 - 555555551 [24/Aug/2025:17:02:42 +0000] "POST /accounts HTTP/1.1" 500 20 "-" "PostmanRuntime/7.45.0"
::1 - 555555551 [24/Aug/2025:17:04:19 +0000] "POST /accounts HTTP/1.1" 500 20 "-" "PostmanRuntime/7.45.0"
::1 - 123456789 [24/Aug/2025:17:04:55 +0000] "POST /accounts HTTP/1.1" 500 20 "-" "PostmanRuntime/7.45.0"
::1 - - [24/Aug/2025:17:07:06 +0000] "GET /reader/1 HTTP/1.1" 404 14 "-" "PostmanRuntime/7.45.0"
::1 - 1 [24/Aug/2025:17:07:24 +0000] "DELETE /reader/1 HTTP/1.1" 404 14 "-" "PostmanRuntime/7.45.0"
::1 - 555555555 [24/Aug/2025:17:09:46 +0000] "POST /accounts HTTP/1.1" 500 20 "-" "PostmanRuntime/7.45.0"
::1 - 555555555 [24/Aug/2025:17:12:17 +0000] "POST /accounts HTTP/1.1" 500 20 "-" "PostmanRuntime/7.45.0"
::1 - 555555550 [24/Aug/2025:17:12:30 +0000] "POST /accounts HTTP/1.1" 500 20 "-" "PostmanRuntime/7.45.0"
::1 - 555555550 [24/Aug/2025:17:12:35 +0000] "POST /accounts HTTP/1.1" 500 20 "-" "PostmanRuntime/7.45.0"
::1 - 555555550 [24/Aug/2025:17:16:35 +0000] "POST /accounts HTTP/1.1" 500 20 "-" "PostmanRuntime/7.45.0"
::1 - 555555550 [24/Aug/2025:17:19:49 +0000] "POST /accounts HTTP/1.1" 500 20 "-" "PostmanRuntime/7.45.0"
::1 - 555555555 [24/Aug/2025:17:29:48 +0000] "POST /accounts HTTP/1.1" 500 20 "-" "PostmanRuntime/7.45.0"
::1 - 555555555 [24/Aug/2025:17:30:35 +0000] "POST /accounts HTTP/1.1" 500 20 "-" "PostmanRuntime/7.45.0"
::1 - 555555555 [24/Aug/2025:17:35:05 +0000] "POST /accounts HTTP/1.1" 500 20 "-" "PostmanRuntime/7.45.0"
::1 - 555555555 [24/Aug/2025:17:37:21 +0000] "POST /accounts HTTP/1.1" 500 20 "-" "PostmanRuntime/7.45.0"
::1 - 555555555 [24/Aug/2025:17:39:23 +0000] "POST /accounts HTTP/1.1" 500 20 "-" "PostmanRuntime/7.45.0"
::1 - 555555555 [24/Aug/2025:17:43:19 +0000] "POST /accounts HTTP/1.1" 401 0 "-" "PostmanRuntime/7.45.0"
::1 - 555555555 [24/Aug/2025:17:43:32 +0000] "POST /accounts HTTP/1.1" 401 0 "-" "PostmanRuntime/7.45.0"
::1 - 123456789 [24/Aug/2025:18:27:27 +0000] "POST /accounts HTTP/1.1" 401 0 "-" "PostmanRuntime/7.45.0"
::1 - 123456789 [24/Aug/2025:18:30:36 +0000] "POST /accounts HTTP/1.1" 401 0 "-" "PostmanRuntime/7.45.0"
::1 - 123456789 [24/Aug/2025:18:32:40 +0000] "POST /accounts HTTP/1.1" 500 20 "-" "PostmanRuntime/7.45.0"
::1 - 123456789 [24/Aug/2025:18:35:48 +0000] "POST /accounts HTTP/1.1" 500 20 "-" "PostmanRuntime/7.45.0"
::1 - 123456789 [24/Aug/2025:18:35:49 +0000] "POST /accounts HTTP/1.1" 500 20 "-" "PostmanRuntime/7.45.0"
::1 - 123456789 [24/Aug/2025:18:35:51 +0000] "POST /accounts HTTP/1.1" 500 20 "-" "PostmanRuntime/7.45.0"
::1 - 123456789 [24/Aug/2025:18:35:52 +0000] "POST /accounts HTTP/1.1" 500 20 "-" "PostmanRuntime/7.45.0"
::1 - 123456789 [24/Aug/2025:18:35:56 +0000] "POST /accounts HTTP/1.1" 500 20 "-" "PostmanRuntime/7.45.0"
::1 - 123456789 [24/Aug/2025:18:37:10 +0000] "POST /accounts HTTP/1.1" 500 20 "-" "PostmanRuntime/7.45.0"
::1 - 123456789 [24/Aug/2025:18:37:48 +0000] "POST /accounts HTTP/1.1" 401 0 "-" "PostmanRuntime/7.45.0"
::1 - - [24/Aug/2025:18:42:51 +0000] "POST /accounts HTTP/1.1" 500 20 "-" "PostmanRuntime/7.45.0"
::1 - - [24/Aug/2025:18:44:22 +0000] "POST /accounts HTTP/1.1" 500 20 "-" "PostmanRuntime/7.45.0"
::1 - - [24/Aug/2025:18:46:59 +0000] "POST /accounts HTTP/1.1" 500 20 "-" "PostmanRuntime/7.45.0"
::1 - - [24/Aug/2025:18:48:38 +0000] "POST /accounts HTTP/1.1" 500 20 "-" "PostmanRuntime/7.45.0"
::1 - - [24/Aug/2025:18:51:41 +0000] "POST /accounts HTTP/1.1" 500 20 "-" "PostmanRuntime/7.45.0"
::1 - - [24/Aug/2025:18:55:34 +0000] "POST /accounts HTTP/1.1" 500 20 "-" "PostmanRuntime/7.45.0"
::1 - - [24/Aug/2025:18:55:35 +0000] "POST /accounts HTTP/1.1" 500 20 "-" "PostmanRuntime/7.45.0"
::1 - - [24/Aug/2025:18:55:55 +0000] "POST /accounts HTTP/1.1" 500 20 "-" "PostmanRuntime/7.45.0"
::1 - - [24/Aug/2025:18:57:53 +0000] "POST /accounts HTTP/1.1" 500 20 "-" "PostmanRuntime/7.45.0"
::1 - - [24/Aug/2025:19:00:17 +0000] "POST /accounts HTTP/1.1" 500 20 "-" "PostmanRuntime/7.45.0"
::1 - - [24/Aug/2025:19:03:26 +0000] "POST /accounts HTTP/1.1" 500 20 "-" "PostmanRuntime/7.45.0"
::1 - - [24/Aug/2025:19:03:27 +0000] "POST /accounts HTTP/1.1" 500 20 "-" "PostmanRuntime/7.45.0"
::1 - - [24/Aug/2025:19:06:39 +0000] "POST /accounts HTTP/1.1" 500 20 "-" "PostmanRuntime/7.45.0"
::1 - - [24/Aug/2025:19:08:08 +0000] "POST /accounts HTTP/1.1" 500 20 "-" "PostmanRuntime/7.45.0"
::1 - - [24/Aug/2025:19:12:00 +0000] "POST /accounts HTTP/1.1" 500 20 "-" "PostmanRuntime/7.45.0"
::1 - - [24/Aug/2025:19:13:30 +0000] "POST /accounts HTTP/1.1" 500 20 "-" "PostmanRuntime/7.45.0"
::1 - - [24/Aug/2025:19:14:34 +0000] "POST /accounts HTTP/1.1" 500 20 "-" "PostmanRuntime/7.45.0"
::1 - - [24/Aug/2025:19:24:54 +0000] "POST /accounts HTTP/1.1" 500 20 "-" "PostmanRuntime/7.45.0"
::1 - - [24/Aug/2025:19:28:34 +0000] "POST /accounts HTTP/1.1" 500 20 "-" "PostmanRuntime/7.45.0"
::1 - - [24/Aug/2025:19:28:38 +0000] "POST /accounts HTTP/1.1" 500 20 "-" "PostmanRuntime/7.45.0"
::1 - - [24/Aug/2025:19:30:44 +0000] "POST /accounts HTTP/1.1" 500 20 "-" "PostmanRuntime/7.45.0"
::1 - - [24/Aug/2025:19:31:09 +0000] "GET /accounts/reader/123456789 HTTP/1.1" 401 0 "-" "PostmanRuntime/7.45.0"
::1 - 123456789 [24/Aug/2025:19:31:21 +0000] "GET /accounts/reader/123456789 HTTP/1.1" 401 0 "-" "PostmanRuntime/7.45.0"
::1 - 123456789 [24/Aug/2025:19:31:23 +0000] "GET /accounts/reader/123456789 HTTP/1.1" 401 0 "-" "PostmanRuntime/7.45.0"
::1 - - [24/Aug/2025:19:31:33 +0000] "POST /accounts HTTP/1.1" 500 20 "-" "PostmanRuntime/7.45.0"
::1 - - [24/Aug/2025:19:31:45 +0000] "POST /account HTTP/1.1" 401 0 "-" "PostmanRuntime/7.45.0"
::1 - - [24/Aug/2025:19:31:55 +0000] "POST /account HTTP/1.1" 401 0 "-" "PostmanRuntime/7.45.0"
::1 - - [24/Aug/2025:19:32:16 +0000] "POST /accounts HTTP/1.1" 500 20 "-" "PostmanRuntime/7.45.0"
::1 - - [24/Aug/2025:19:37:39 +0000] "POST /accounts HTTP/1.1" 500 20 "-" "PostmanRuntime/7.45.0"
::1 - - [24/Aug/2025:19:41:31 +0000] "POST /accounts HTTP/1.1" 500 20 "-" "PostmanRuntime/7.45.0"
::1 - - [24/Aug/2025:19:44:15 +0000] "POST /accounts HTTP/1.1" 201 - "-" "PostmanRuntime/7.45.0"
::1 - - [24/Aug/2025:20:00:32 +0000] "POST /accounts HTTP/1.1" 201 - "-" "PostmanRuntime/7.45.0"
::1 - - [24/Aug/2025:20:01:15 +0000] "POST /accounts HTTP/1.1" 409 21 "-" "PostmanRuntime/7.45.0"
::1 - 200000000 [24/Aug/2025:20:04:27 +0000] "GET /accounts/reader/200000000 HTTP/1.1" 401 0 "-" "PostmanRuntime/7.45.0"
::1 - 200000000 [24/Aug/2025:20:04:45 +0000] "GET /accounts/reader/200000000 HTTP/1.1" 401 0 "-" "PostmanRuntime/7.45.0"
::1 - 200000000 [24/Aug/2025:20:04:51 +0000] "GET /accounts/reader/ HTTP/1.1" 401 0 "-" "PostmanRuntime/7.45.0"
::1 - 200000000 [24/Aug/2025:20:07:11 +0000] "PATCH /accounts/password HTTP/1.1" 401 0 "-" "PostmanRuntime/7.45.0"
::1 - 200000000 [24/Aug/2025:20:08:22 +0000] "PATCH /accounts/password HTTP/1.1" 401 0 "-" "PostmanRuntime/7.45.0"
::1 - 200000000 [24/Aug/2025:20:08:29 +0000] "PATCH /accounts/password HTTP/1.1" 401 0 "-" "PostmanRuntime/7.45.0"
::1 - 200000000 [24/Aug/2025:20:10:35 +0000] "GET /accounts/reader/200000000 HTTP/1.1" 401 0 "-" "PostmanRuntime/7.45.0"
::1 - 200000000 [24/Aug/2025:20:36:19 +0000] "GET /accounts/reader/200000000 HTTP/1.1" 401 0 "-" "PostmanRuntime/7.45.0"
::1 - 200000000 [24/Aug/2025:20:36:52 +0000] "GET /accounts/reader/200000000 HTTP/1.1" 401 0 "-" "PostmanRuntime/7.45.0"
::1 - 200000000 [24/Aug/2025:20:36:54 +0000] "GET /accounts/reader/200000000 HTTP/1.1" 401 0 "-" "PostmanRuntime/7.45.0"
::1 - 200000000 [24/Aug/2025:20:37:01 +0000] "GET /accounts/reader/200000000 HTTP/1.1" 401 0 "-" "PostmanRuntime/7.45.0"
::1 - 200000000 [24/Aug/2025:20:37:12 +0000] "GET /accounts/reader/200000000 HTTP/1.1" 401 0 "-" "PostmanRuntime/7.45.0"
::1 - 200000000 [24/Aug/2025:20:37:19 +0000] "GET /accounts/reader/200000000 HTTP/1.1" 401 0 "-" "PostmanRuntime/7.45.0"
::1 - 200000000 [24/Aug/2025:20:37:23 +0000] "GET /accounts/reader/200000000 HTTP/1.1" 401 0 "-" "PostmanRuntime/7.45.0"
::1 - 200000000 [24/Aug/2025:20:40:30 +0000] "GET /accounts/reader/200000000 HTTP/1.1" 401 0 "-" "PostmanRuntime/7.45.0"
::1 - 200000000 [24/Aug/2025:20:41:52 +0000] "GET /accounts/reader/200000000 HTTP/1.1" 401 0 "-" "PostmanRuntime/7.45.0"
::1 - 200000000 [24/Aug/2025:20:44:59 +0000] "GET /accounts/reader/200000000 HTTP/1.1" 401 0 "-" "PostmanRuntime/7.45.0"
::1 - 200000000 [24/Aug/2025:20:45:09 +0000] "GET /accounts/reader/200000000 HTTP/1.1" 401 0 "-" "PostmanRuntime/7.45.0"
::1 - 200000000 [24/Aug/2025:20:46:54 +0000] "GET /accounts/reader/200000000 HTTP/1.1" 401 0 "-" "PostmanRuntime/7.45.0"
::1 - 200000000 [24/Aug/2025:20:48:06 +0000] "GET /accounts/reader/200000000 HTTP/1.1" 401 0 "-" "PostmanRuntime/7.45.0"
::1 - 200000000 [24/Aug/2025:20:49:52 +0000] "GET /accounts/reader/200000000 HTTP/1.1" 401 0 "-" "PostmanRuntime/7.45.0"
::1 - 200000000 [24/Aug/2025:20:53:16 +0000] "GET /accounts/reader/200000000 HTTP/1.1" 401 0 "-" "PostmanRuntime/7.45.0"
::1 - 200000000 [24/Aug/2025:20:53:36 +0000] "GET /accounts/reader/200000000 HTTP/1.1" 401 0 "-" "PostmanRuntime/7.45.0"
::1 - 200000000 [24/Aug/2025:20:53:58 +0000] "GET /accounts/reader/200000000 HTTP/1.1" 401 0 "-" "PostmanRuntime/7.45.0"
::1 - 200000000 [24/Aug/2025:20:55:57 +0000] "GET /accounts/reader/200000000 HTTP/1.1" 401 0 "-" "PostmanRuntime/7.45.0"
::1 - 200000000 [24/Aug/2025:20:59:35 +0000] "GET /accounts/reader/200000000 HTTP/1.1" 401 0 "-" "PostmanRuntime/7.45.0"
::1 - 200000000 [25/Aug/2025:14:42:01 +0000] "GET /accounts/reader/200000000 HTTP/1.1" 401 0 "-" "PostmanRuntime/7.45.0"
::1 - 200000000 [25/Aug/2025:14:42:45 +0000] "GET /accounts/reader/200000000 HTTP/1.1" 401 0 "-" "PostmanRuntime/7.45.0"
::1 - 200000000 [25/Aug/2025:14:46:19 +0000] "GET /accounts/reader/200000000 HTTP/1.1" 401 23 "-" "PostmanRuntime/7.45.0"
::1 - 200000000 [25/Aug/2025:14:50:10 +0000] "GET /accounts/reader/200000000 HTTP/1.1" 401 23 "-" "PostmanRuntime/7.45.0"
::1 - 200000000 [25/Aug/2025:14:53:02 +0000] "GET /accounts/reader/200000000 HTTP/1.1" 401 23 "-" "PostmanRuntime/7.45.0"
::1 - 200000000 [25/Aug/2025:14:57:58 +0000] "GET /accounts/reader/200000000 HTTP/1.1" 200 509 "-" "PostmanRuntime/7.45.0"
::1 - 200000000 [25/Aug/2025:14:58:48 +0000] "GET /accounts/reader/100000000 HTTP/1.1" 200 507 "-" "PostmanRuntime/7.45.0"
::1 - 100000000 [25/Aug/2025:14:58:57 +0000] "GET /accounts/reader/100000000 HTTP/1.1" 200 507 "-" "PostmanRuntime/7.45.0"
::1 - - [25/Aug/2025:15:03:43 +0000] "GET /accounts HTTP/1.1" 401 23 "-" "PostmanRuntime/7.45.0"
::1 - - [25/Aug/2025:15:03:57 +0000] "GET /accounts HTTP/1.1" 401 23 "-" "PostmanRuntime/7.45.0"
::1 - - [25/Aug/2025:15:03:58 +0000] "GET /accounts HTTP/1.1" 401 23 "-" "PostmanRuntime/7.45.0"
::1 - - [25/Aug/2025:15:04:00 +0000] "GET /accounts HTTP/1.1" 401 23 "-" "PostmanRuntime/7.45.0"
::1 - - [25/Aug/2025:15:04:01 +0000] "GET /accounts HTTP/1.1" 401 23 "-" "PostmanRuntime/7.45.0"
::1 - - [25/Aug/2025:15:05:08 +0000] "POST /accounts HTTP/1.1" 201 - "-" "PostmanRuntime/7.45.0"
::1 - 300000000 [25/Aug/2025:15:05:58 +0000] "GET /accounts HTTP/1.1" 200 934 "-" "PostmanRuntime/7.45.0"
::1 - 300000000 [25/Aug/2025:15:08:01 +0000] "DELETE /accounts/100000000 HTTP/1.1" 200 507 "-" "PostmanRuntime/7.45.0"
::1 - - [25/Aug/2025:15:10:49 +0000] "PATCH /accounts/password HTTP/1.1" 401 23 "-" "PostmanRuntime/7.45.0"
::1 - - [25/Aug/2025:15:11:00 +0000] "PATCH /accounts/password HTTP/1.1" 401 23 "-" "PostmanRuntime/7.45.0"
::1 - - [25/Aug/2025:15:11:10 +0000] "PATCH /accounts/password HTTP/1.1" 401 23 "-" "PostmanRuntime/7.45.0"
::1 - 200000000 [25/Aug/2025:15:12:15 +0000] "PATCH /accounts/password HTTP/1.1" 400 22 "-" "PostmanRuntime/7.45.0"
::1 - - [25/Aug/2025:15:14:20 +0000] "PATCH /accounts/email-name-birthdate HTTP/1.1" 401 23 "-" "PostmanRuntime/7.45.0"
::1 - 200000000 [25/Aug/2025:15:14:30 +0000] "PATCH /accounts/email-name-birthdate HTTP/1.1" 400 13 "-" "PostmanRuntime/7.45.0"
::1 - 200000000 [25/Aug/2025:15:14:42 +0000] "PATCH /accounts/email-name-birthdate HTTP/1.1" 400 13 "-" "PostmanRuntime/7.45.0"
::1 - 200000000 [25/Aug/2025:15:15:42 +0000] "PATCH /accounts/email-name-birthdate HTTP/1.1" 400 22 "-" "PostmanRuntime/7.45.0"
::1 - 200000000 [25/Aug/2025:15:17:01 +0000] "PATCH /accounts/email-name-birthdate HTTP/1.1" 400 22 "-" "PostmanRuntime/7.45.0"
::1 - 200000000 [25/Aug/2025:15:17:19 +0000] "PATCH /accounts/email-name-birthdate HTTP/1.1" 400 22 "-" "PostmanRuntime/7.45.0"
::1 - 200000000 [25/Aug/2025:15:17:50 +0000] "PATCH /accounts/email-name-birthdate HTTP/1.1" 400 19 "-" "PostmanRuntime/7.45.0"
::1 - 200000000 [25/Aug/2025:15:19:54 +0000] "PATCH /accounts/email-name-birthdate HTTP/1.1" 400 22 "-" "PostmanRuntime/7.45.0"
::1 - 200000000 [25/Aug/2025:15:22:25 +0000] "PATCH /accounts/email-name-birthdate HTTP/1.1" 200 25 "-" "PostmanRuntime/7.45.0"
::1 - 200000000 [25/Aug/2025:15:24:20 +0000] "PATCH /accounts/password HTTP/1.1" 204 - "-" "PostmanRuntime/7.45.0"
::1 - 100000000 [25/Aug/2025:15:41:21 +0000] "GET /accounts/reader/100000000 HTTP/1.1" - - "-" "PostmanRuntime/7.45.0"
::1 - 100000000 [25/Aug/2025:15:41:51 +0000] "GET /accounts/reader/100000000 HTTP/1.1" - - "-" "PostmanRuntime/7.45.0"
::1 - 100000000 [25/Aug/2025:15:44:01 +0000] "GET /accounts/reader/100000000 HTTP/1.1" 401 12 "-" "PostmanRuntime/7.45.0"
::1 - 200000000 [25/Aug/2025:15:44:10 +0000] "GET /accounts/reader/200000000 HTTP/1.1" 401 31 "-" "PostmanRuntime/7.45.0"
::1 - 200000000 [25/Aug/2025:15:44:27 +0000] "GET /accounts/reader/200000000 HTTP/1.1" 200 518 "-" "PostmanRuntime/7.45.0"
::1 - 300000000 [25/Aug/2025:15:44:45 +0000] "GET /accounts HTTP/1.1" 200 759 "-" "PostmanRuntime/7.45.0"
::1 - 300000000 [25/Aug/2025:15:48:59 +0000] "GET /accounts HTTP/1.1" 200 759 "-" "PostmanRuntime/7.45.0"
::1 - 300000000 [25/Aug/2025:15:53:44 +0000] "GET /accounts HTTP/1.1" 200 759 "-" "PostmanRuntime/7.45.0"
::1 - - [25/Aug/2025:15:54:15 +0000] "POST /accounts HTTP/1.1" 201 - "-" "PostmanRuntime/7.45.0"
::1 - 400000000 [26/Aug/2025:21:17:20 +0000] "GET /accounts HTTP/1.1" 200 1311 "-" "PostmanRuntime/7.45.0"
::1 - - [26/Aug/2025:21:18:17 +0000] "POST /accounts HTTP/1.1" 201 - "-" "PostmanRuntime/7.45.0"
::1 - 400000000 [26/Aug/2025:21:18:22 +0000] "GET /accounts HTTP/1.1" 200 1495 "-" "PostmanRuntime/7.45.0"
::1 - 400000000 [27/Aug/2025:15:26:13 +0000] "GET /accounts HTTP/1.1" 200 1535 "-" "PostmanRuntime/7.45.0"
::1 - 500000000 [27/Aug/2025:15:26:32 +0000] "GET /accounts HTTP/1.1" 200 1535 "-" "PostmanRuntime/7.45.0"
::1 - 666666666 [27/Aug/2025:15:26:40 +0000] "GET /accounts/reader?id=666666666 HTTP/1.1" 404 14 "-" "PostmanRuntime/7.45.0"
::1 - 666666666 [27/Aug/2025:15:26:43 +0000] "GET /accounts/reader?id=666666666 HTTP/1.1" 404 14 "-" "PostmanRuntime/7.45.0"
::1 - 400000000 [27/Aug/2025:15:27:16 +0000] "GET /accounts/reader/666666666 HTTP/1.1" 200 524 "-" "PostmanRuntime/7.45.0"
::1 - 300000000 [27/Aug/2025:15:27:28 +0000] "GET /accounts/reader/666666666 HTTP/1.1" 200 524 "-" "PostmanRuntime/7.45.0"
::1 - 500000000 [27/Aug/2025:15:27:46 +0000] "GET /accounts/reader/666666666 HTTP/1.1" 200 524 "-" "PostmanRuntime/7.45.0"
::1 - 100000000 [27/Aug/2025:16:03:14 +0000] "DELETE /accounts/666666666 HTTP/1.1" 200 524 "-" "PostmanRuntime/7.45.0"
::1 - 400000000 [27/Aug/2025:16:07:56 +0000] "GET /accounts/reader/400000000 HTTP/1.1" 200 522 "-" "PostmanRuntime/7.45.0"
::1 - 400000000 [27/Aug/2025:20:40:45 +0000] "GET /accounts/reader/400000000 HTTP/1.1" 200 522 "-" "PostmanRuntime/7.45.0"
::1 - 100000000 [27/Aug/2025:20:42:20 +0000] "DELETE /accounts/123456789 HTTP/1.1" 200 511 "-" "PostmanRuntime/7.45.0"
::1 - 400000000 [27/Aug/2025:20:59:38 +0000] "GET /accounts/reader/400000000 HTTP/1.1" 200 522 "-" "PostmanRuntime/7.45.0"
::1 - 400000000 [27/Aug/2025:21:00:55 +0000] "GET /accounts/reader/400000000 HTTP/1.1" 200 522 "-" "PostmanRuntime/7.45.0"
::1 - 500000000 [27/Aug/2025:21:01:38 +0000] "GET /accounts/reader/400000000 HTTP/1.1" 200 522 "-" "PostmanRuntime/7.45.0"
::1 - - [29/Aug/2025:11:56:23 +0000] "POST /accounts HTTP/1.1" 201 - "-" "PostmanRuntime/7.45.0"
::1 - 500000000 [29/Aug/2025:11:56:42 +0000] "GET /accounts/reader/400000000 HTTP/1.1" 200 522 "-" "PostmanRuntime/7.45.0"
::1 - 500000000 [29/Aug/2025:11:57:03 +0000] "GET /accounts/reader/500000000 HTTP/1.1" 200 506 "-" "PostmanRuntime/7.45.0"
::1 - - [29/Aug/2025:13:47:49 +0000] "POST /accounts HTTP/1.1" 409 21 "-" "PostmanRuntime/7.45.0"
::1 - 400000000 [29/Aug/2025:14:43:21 +0000] "GET /accounts HTTP/1.1" 200 1146 "-" "PostmanRuntime/7.45.0"
::1 - 400000000 [29/Aug/2025:14:54:56 +0000] "GET /accounts HTTP/1.1" 200 762 "-" "PostmanRuntime/7.45.0"
::1 - 400000000 [29/Aug/2025:14:56:54 +0000] "GET /accounts HTTP/1.1" 200 762 "-" "PostmanRuntime/7.45.0"
::1 - 400000000 [29/Aug/2025:15:00:11 +0000] "GET /accounts HTTP/1.1" 200 762 "-" "PostmanRuntime/7.45.0"
::1 - 400000000 [29/Aug/2025:15:02:04 +0000] "GET /accounts HTTP/1.1" 200 762 "-" "PostmanRuntime/7.45.0"
::1 - 400000000 [29/Aug/2025:15:08:04 +0000] "GET /accounts HTTP/1.1" 200 763 "-" "PostmanRuntime/7.45.0"
::1 - 777777777 [29/Aug/2025:15:22:08 +0000] "GET /accounts/reader/777777777 HTTP/1.1" 200 525 "-" "PostmanRuntime/7.45.0"
::1 - 777777777 [29/Aug/2025:15:22:32 +0000] "GET /accounts/reader/200000000 HTTP/1.1" 200 536 "-" "PostmanRuntime/7.45.0"
::1 - - [29/Aug/2025:15:22:42 +0000] "POST /accounts HTTP/1.1" 201 - "-" "PostmanRuntime/7.45.0"
::1 - 333333333 [29/Aug/2025:15:37:19 +0000] "PATCH /accounts/password HTTP/1.1" 400 25 "-" "PostmanRuntime/7.45.0"
::1 - 333333333 [29/Aug/2025:15:38:30 +0000] "PATCH /accounts/password HTTP/1.1" 204 - "-" "PostmanRuntime/7.45.0"
::1 - 333333333 [29/Aug/2025:15:42:34 +0000] "PATCH /accounts/email-name-birthdate HTTP/1.1" 400 19 "-" "PostmanRuntime/7.45.0"
::1 - 333333333 [29/Aug/2025:15:43:23 +0000] "PATCH /accounts/email-name-birthdate HTTP/1.1" 200 25 "-" "PostmanRuntime/7.45.0"
::1 - 333333333 [29/Aug/2025:15:45:19 +0000] "PATCH /accounts/email-name-birthdate HTTP/1.1" 200 25 "-" "PostmanRuntime/7.45.0"
::1 - 333333333 [29/Aug/2025:15:49:11 +0000] "PATCH /accounts/email-name-birthdate HTTP/1.1" 200 25 "-" "PostmanRuntime/7.45.0"
::1 - 333333333 [29/Aug/2025:15:49:55 +0000] "PATCH /accounts/email-name-birthdate HTTP/1.1" 200 25 "-" "PostmanRuntime/7.45.0"
::1 - 333333333 [29/Aug/2025:15:51:39 +0000] "PATCH /accounts/email-name-birthdate HTTP/1.1" 200 25 "-" "PostmanRuntime/7.45.0"
::1 - 333333333 [29/Aug/2025:15:54:09 +0000] "PATCH /accounts/email-name-birthdate HTTP/1.1" 200 25 "-" "PostmanRuntime/7.45.0"
::1 - 400000000 [29/Aug/2025:15:55:02 +0000] "GET /accounts HTTP/1.1" 200 959 "-" "PostmanRuntime/7.45.0"
::1 - 333333333 [29/Aug/2025:16:04:59 +0000] "GET /accounts/reader/333333333 HTTP/1.1" 200 521 "-" "PostmanRuntime/7.45.0"
::1 - 400000000 [29/Aug/2025:16:05:08 +0000] "GET /accounts HTTP/1.1" 200 959 "-" "PostmanRuntime/7.45.0"
::1 - 333333333 [29/Aug/2025:16:05:26 +0000] "PATCH /accounts/email-name-birthdate HTTP/1.1" 200 25 "-" "PostmanRuntime/7.45.0"
::1 - 333333333 [29/Aug/2025:16:06:34 +0000] "PATCH /accounts/password HTTP/1.1" 204 - "-" "PostmanRuntime/7.45.0"
::1 - 100000000 [29/Aug/2025:16:07:22 +0000] "DELETE /accounts/200000000 HTTP/1.1" 200 536 "-" "PostmanRuntime/7.45.0"
::1 - 100000000 [29/Aug/2025:16:11:28 +0000] "PUT /accounts/roles HTTP/1.1" 400 24 "-" "PostmanRuntime/7.45.0"
::1 - 100000000 [29/Aug/2025:16:15:29 +0000] "PUT /accounts/roles HTTP/1.1" 400 24 "-" "PostmanRuntime/7.45.0"
::1 - 100000000 [29/Aug/2025:16:20:11 +0000] "PUT /accounts/roles HTTP/1.1" 400 24 "-" "PostmanRuntime/7.45.0"
::1 - 100000000 [29/Aug/2025:16:24:15 +0000] "PUT /accounts/roles HTTP/1.1" 400 24 "-" "PostmanRuntime/7.45.0"
::1 - 100000000 [29/Aug/2025:16:29:49 +0000] "PUT /accounts/roles HTTP/1.1" 200 207 "-" "PostmanRuntime/7.45.0"
::1 - 100000000 [29/Aug/2025:16:41:47 +0000] "GET /api/books/books_reader?id=333333333 HTTP/1.1" 404 33 "-" "PostmanRuntime/7.45.0"
::1 - 400000000 [29/Aug/2025:16:55:20 +0000] "POST /api/books HTTP/1.1" 201 23 "-" "PostmanRuntime/7.45.0"
::1 - 333333333 [29/Aug/2025:16:55:44 +0000] "GET /api/books HTTP/1.1" 200 317 "-" "PostmanRuntime/7.45.0"
::1 - 333333333 [29/Aug/2025:17:02:45 +0000] "PUT /api/books/pickup/b6af07e0-b1e9-4a41-9626-27d172362eee HTTP/1.1" 500 20 "-" "PostmanRuntime/7.45.0"
::1 - 333333333 [29/Aug/2025:17:03:22 +0000] "PATCH /accounts/password HTTP/1.1" 204 - "-" "PostmanRuntime/7.45.0"
::1 - 333333333 [29/Aug/2025:17:03:33 +0000] "PUT /api/books/pickup/b6af07e0-b1e9-4a41-9626-27d172362eee HTTP/1.1" 500 20 "-" "PostmanRuntime/7.45.0"
::1 - 333333333 [29/Aug/2025:17:04:38 +0000] "PUT /api/books/pickup/b6af07e0-b1e9-4a41-9626-27d172362eee HTTP/1.1" 500 20 "-" "PostmanRuntime/7.45.0"
::1 - 333333333 [29/Aug/2025:17:06:20 +0000] "PUT /api/books/pickup/b6af07e0-b1e9-4a41-9626-27d172362eee HTTP/1.1" 200 20 "-" "PostmanRuntime/7.45.0"
::1 - 333333333 [29/Aug/2025:17:08:30 +0000] "GET /api/books/books_reader?id=333333333 HTTP/1.1" 404 33 "-" "PostmanRuntime/7.45.0"
::1 - 333333333 [29/Aug/2025:17:09:32 +0000] "GET /api/books/books_reader?readerId=333333333 HTTP/1.1" 404 33 "-" "PostmanRuntime/7.45.0"
::1 - 333333333 [29/Aug/2025:17:11:31 +0000] "PUT /api/books/pickup/b6af07e0-b1e9-4a41-9626-27d172362eee HTTP/1.1" 409 17 "-" "PostmanRuntime/7.45.0"
::1 - 333333333 [29/Aug/2025:17:11:56 +0000] "PUT /api/books/pickup/f42592db-b59c-477c-a90b-3657618c6732 HTTP/1.1" 409 17 "-" "PostmanRuntime/7.45.0"
::1 - 400000000 [29/Aug/2025:17:12:28 +0000] "POST /api/books HTTP/1.1" 201 23 "-" "PostmanRuntime/7.45.0"
::1 - 333333333 [29/Aug/2025:17:12:33 +0000] "GET /api/books HTTP/1.1" 200 554 "-" "PostmanRuntime/7.45.0"
::1 - 333333333 [29/Aug/2025:17:12:52 +0000] "PUT /api/books/pickup/7f96c862-29cd-4ba4-809b-4c069a1ce75c HTTP/1.1" 200 20 "-" "PostmanRuntime/7.45.0"
::1 - 333333333 [29/Aug/2025:17:13:13 +0000] "GET /api/books/books_reader?readerId=333333333 HTTP/1.1" 404 33 "-" "PostmanRuntime/7.45.0"
::1 - 333333333 [29/Aug/2025:17:13:58 +0000] "GET /api/books/books_reader?readerId=333333333 HTTP/1.1" 404 33 "-" "PostmanRuntime/7.45.0"
::1 - 333333333 [29/Aug/2025:17:16:59 +0000] "GET /api/books/books_reader?readerId=333333333 HTTP/1.1" 404 33 "-" "PostmanRuntime/7.45.0"
::1 - 333333333 [29/Aug/2025:17:22:40 +0000] "GET /api/books/books_reader?readerId=333333333 HTTP/1.1" 404 33 "-" "PostmanRuntime/7.45.0"
::1 - 333333333 [29/Aug/2025:17:24:01 +0000] "GET /api/books/books_reader?readerId=333333333%0A HTTP/1.1" 404 33 "-" "PostmanRuntime/7.45.0"
::1 - 333333333 [29/Aug/2025:17:24:23 +0000] "GET /api/books/books_reader?readerId=333333333%0A HTTP/1.1" 404 33 "-" "PostmanRuntime/7.45.0"
::1 - 333333333 [29/Aug/2025:17:24:44 +0000] "GET /api/books/books_reader?readerId=333333333%0A HTTP/1.1" 404 33 "-" "PostmanRuntime/7.45.0"
::1 - 333333333 [29/Aug/2025:17:26:23 +0000] "GET /api/books/books_reader?readerId=333333333 HTTP/1.1" 404 33 "-" "PostmanRuntime/7.45.0"
::1 - 333333333 [29/Aug/2025:17:31:40 +0000] "GET /api/books/books_reader?readerId=333333333 HTTP/1.1" 404 33 "-" "PostmanRuntime/7.45.0"
::1 - 333333333 [29/Aug/2025:17:35:50 +0000] "GET /api/books/books_reader?readerId=333333333 HTTP/1.1" 404 33 "-" "PostmanRuntime/7.45.0"
